<?xml version="1.0" encoding="UTF-8"?>
<!-- Generated by org.testng.reporters.JUnitReportReporter -->
<testsuite skipped="0" hostname="DESKTOP-HDPEOVG" name="cpms.webasto.test.UploadDiagnosticsPageTest" tests="1" failures="0" timestamp="2020-10-25T16:36:26 IST" time="45.268" errors="0">
  <testcase name="uploadDiagnostics" time="45.268" classname="cpms.webasto.test.UploadDiagnosticsPageTest"/>
  <system-out/>
</testsuite> <!-- cpms.webasto.test.UploadDiagnosticsPageTest -->
