<?xml version="1.0" encoding="UTF-8"?>
<!-- Generated by org.testng.reporters.JUnitReportReporter -->
<testsuite skipped="0" hostname="DESKTOP-HDPEOVG" name="cpms.webasto.test.WebSocketPageTest" tests="1" failures="0" timestamp="2020-10-27T17:47:52 IST" time="33.070" errors="0">
  <testcase name="chargePointConnect" time="33.070" classname="cpms.webasto.test.WebSocketPageTest"/>
  <system-out/>
</testsuite> <!-- cpms.webasto.test.WebSocketPageTest -->
