<?xml version="1.0" encoding="UTF-8"?>
<!-- Generated by org.testng.reporters.JUnitReportReporter -->
<testsuite hostname="DESKTOP-HDPEOVG" name="cpms.websocket.test.WebSocketTestDev" tests="1" failures="0" timestamp="25 Oct 2020 07:06:58 GMT" time="36.088" errors="0">
  <testcase name="chargePointConnect1" time="36.088" classname="cpms.websocket.test.WebSocketTestDev"/>
</testsuite> <!-- cpms.websocket.test.WebSocketTestDev -->
