<?xml version="1.0" encoding="UTF-8"?>
<!-- Generated by org.testng.reporters.JUnitReportReporter -->
<testsuite hostname="DESKTOP-P3Q9HCG" name="cpms.webasto.test.ForgotPasswordPageTest" tests="1" failures="0" timestamp="23 Sep 2020 06:09:43 GMT" time="15.309" errors="0">
  <testcase name="forgotPassword" time="15.309" classname="cpms.webasto.test.ForgotPasswordPageTest"/>
</testsuite> <!-- cpms.webasto.test.ForgotPasswordPageTest -->
