<?xml version="1.0" encoding="UTF-8"?>
<!-- Generated by org.testng.reporters.JUnitReportReporter -->
<testsuite skipped="0" hostname="DESKTOP-HDPEOVG" name="cpms.webasto.test.ShowDiagnosticsPageTest" tests="1" failures="0" timestamp="2020-10-25T16:25:31 IST" time="19.327" errors="0">
  <testcase name="showDiagnostics" time="19.327" classname="cpms.webasto.test.ShowDiagnosticsPageTest"/>
  <system-out/>
</testsuite> <!-- cpms.webasto.test.ShowDiagnosticsPageTest -->
