<?xml version="1.0" encoding="UTF-8"?>
<!-- Generated by org.testng.reporters.JUnitReportReporter -->
<testsuite skipped="0" hostname="DESKTOP-HDPEOVG" name="cpms.websocket.test.DiagnosticsTest" tests="1" failures="0" timestamp="2020-10-25T16:42:01 IST" time="14.278" errors="0">
  <testcase name="performDiagnostics" time="14.278" classname="cpms.websocket.test.DiagnosticsTest"/>
  <system-out/>
</testsuite> <!-- cpms.websocket.test.DiagnosticsTest -->
