<?xml version="1.0" encoding="UTF-8"?>
<!-- Generated by org.testng.reporters.JUnitReportReporter -->
<testsuite skipped="0" hostname="DESKTOP-HDPEOVG" name="cpms.webasto.test.FotaBuildsPageTest" tests="1" failures="0" timestamp="2020-10-25T19:22:54 IST" time="32.100" errors="0">
  <testcase name="addFotaBuild" time="32.100" classname="cpms.webasto.test.FotaBuildsPageTest"/>
  <system-out/>
</testsuite> <!-- cpms.webasto.test.FotaBuildsPageTest -->
