<?xml version="1.0" encoding="UTF-8"?>
<!-- Generated by org.testng.reporters.JUnitReportReporter -->
<testsuite hostname="DESKTOP-P3Q9HCG" name="cpms.webasto.test.WebSocketPageTest" tests="1" failures="0" timestamp="22 Sep 2020 14:28:56 GMT" time="61.041" errors="0">
  <testcase name="chargePointConnect" time="61.041" classname="cpms.webasto.test.WebSocketPageTest"/>
</testsuite> <!-- cpms.webasto.test.WebSocketPageTest -->
