<?xml version="1.0" encoding="UTF-8"?>
<!-- Generated by org.testng.reporters.JUnitReportReporter -->
<testsuite hostname="DESKTOP-P3Q9HCG" name="cpms.webasto.test.ChargePointsPageTest" tests="1" failures="0" timestamp="23 Sep 2020 05:22:55 GMT" time="148.988" errors="0">
  <testcase name="searchCreatedChargePoints" time="148.988" classname="cpms.webasto.test.ChargePointsPageTest"/>
</testsuite> <!-- cpms.webasto.test.ChargePointsPageTest -->
