<?xml version="1.0" encoding="UTF-8"?>
<!-- Generated by org.testng.reporters.JUnitReportReporter -->
<testsuite skipped="1" hostname="DESKTOP-HDPEOVG" name="cpms.webasto.test.BulkImportAndOCPPTagsTest" tests="2" failures="0" timestamp="2020-10-27T16:42:19 IST" time="38.000" errors="0">
  <testcase name="bulkImportForDifferentTenants" time="38.000" classname="cpms.webasto.test.BulkImportAndOCPPTagsTest"/>
  <system-out/>
  <testcase name="addOCPPTag" classname="cpms.webasto.test.BulkImportAndOCPPTagsTest">
    <skipped/>
  </testcase> <!-- addOCPPTag -->
  <system-out/>
</testsuite> <!-- cpms.webasto.test.BulkImportAndOCPPTagsTest -->
