<?xml version="1.0" encoding="UTF-8"?>
<!-- Generated by org.testng.reporters.JUnitReportReporter -->
<testsuite hostname="DESKTOP-HDPEOVG" name="cpms.webasto.test.WebSocketTest1" tests="1" failures="0" timestamp="20 Oct 2020 05:24:54 GMT" time="19.960" errors="0">
  <testcase name="chargePointConnect1" time="19.960" classname="cpms.webasto.test.WebSocketTest1"/>
</testsuite> <!-- cpms.webasto.test.WebSocketTest1 -->
