<?xml version="1.0" encoding="UTF-8"?>
<!-- Generated by org.testng.reporters.JUnitReportReporter -->
<testsuite skipped="0" hostname="DESKTOP-HDPEOVG" name="cpms.websocket.test.Duplicate" tests="1" failures="0" timestamp="2020-10-27T17:37:52 IST" time="36.420" errors="0">
  <testcase name="test" time="36.420" classname="cpms.websocket.test.Duplicate"/>
  <system-out/>
</testsuite> <!-- cpms.websocket.test.Duplicate -->
