<?xml version="1.0" encoding="UTF-8"?>
<!-- Generated by org.testng.reporters.JUnitReportReporter -->
<testsuite hostname="DESKTOP-HDPEOVG" name="cpms.webasto.test.SignInPageTest" tests="1" failures="0" timestamp="19 Oct 2020 05:16:20 GMT" time="22.258" errors="0">
  <testcase name="signInPageTest" time="22.258" classname="cpms.webasto.test.SignInPageTest"/>
</testsuite> <!-- cpms.webasto.test.SignInPageTest -->
