<?xml version="1.0" encoding="UTF-8"?>
<!-- Generated by org.testng.reporters.JUnitReportReporter -->
<testsuite skipped="0" hostname="DESKTOP-HDPEOVG" name="cpms.webasto.test.UploadDiagnosticsPageTest" tests="1" failures="0" timestamp="2020-10-27T10:46:58 IST" time="43.102" errors="0">
  <testcase name="uploadDiagnostics" time="43.102" classname="cpms.webasto.test.UploadDiagnosticsPageTest"/>
  <system-out/>
</testsuite> <!-- cpms.webasto.test.UploadDiagnosticsPageTest -->
