<?xml version="1.0" encoding="UTF-8"?>
<!-- Generated by org.testng.reporters.JUnitReportReporter -->
<testsuite hostname="DESKTOP-P3Q9HCG" name="cpms.webasto.test.MaintenanceInventoryPageTest" tests="3" failures="0" timestamp="23 Sep 2020 07:41:05 GMT" time="183.716" errors="0">
  <testcase name="chargePointFindInInventory" time="27.082" classname="cpms.webasto.test.MaintenanceInventoryPageTest"/>
  <testcase name="inventoryBulkImport" time="34.447" classname="cpms.webasto.test.MaintenanceInventoryPageTest"/>
  <testcase name="reassignToOrganization" time="122.187" classname="cpms.webasto.test.MaintenanceInventoryPageTest"/>
</testsuite> <!-- cpms.webasto.test.MaintenanceInventoryPageTest -->
