<?xml version="1.0" encoding="UTF-8"?>
<!-- Generated by org.testng.reporters.JUnitReportReporter -->
<testsuite hostname="DESKTOP-HDPEOVG" name="cpms.webasto.test.ChargePointsPageTest" tests="1" failures="0" timestamp="29 Sep 2020 06:53:35 GMT" time="39.143" errors="0">
  <testcase name="searchCreatedChargePoints" time="39.143" classname="cpms.webasto.test.ChargePointsPageTest"/>
</testsuite> <!-- cpms.webasto.test.ChargePointsPageTest -->
