<?xml version="1.0" encoding="UTF-8"?>
<!-- Generated by org.testng.reporters.JUnitReportReporter -->
<testsuite hostname="DESKTOP-HDPEOVG" name="cpms.webasto.test.ForgotPasswordPageTest" tests="1" failures="0" timestamp="29 Sep 2020 05:30:54 GMT" time="12.347" errors="0">
  <testcase name="forgotPassword" time="12.347" classname="cpms.webasto.test.ForgotPasswordPageTest"/>
</testsuite> <!-- cpms.webasto.test.ForgotPasswordPageTest -->
