<?xml version="1.0" encoding="UTF-8"?>
<!-- Generated by org.testng.reporters.JUnitReportReporter -->
<testsuite hostname="DESKTOP-HDPEOVG" name="cpms.webasto.test.WebSocketTestBeta" tests="9" failures="0" timestamp="20 Oct 2020 08:29:10 GMT" time="684.856" errors="0">
  <testcase name="chargePointConnect3" time="75.668" classname="cpms.webasto.test.WebSocketTestBeta"/>
  <testcase name="chargePointConnect2" time="76.657" classname="cpms.webasto.test.WebSocketTestBeta"/>
  <testcase name="chargePointConnect6" time="75.433" classname="cpms.webasto.test.WebSocketTestBeta"/>
  <testcase name="chargePointConnect4" time="78.627" classname="cpms.webasto.test.WebSocketTestBeta"/>
  <testcase name="chargePointConnect8" time="74.787" classname="cpms.webasto.test.WebSocketTestBeta"/>
  <testcase name="chargePointConnect5" time="75.402" classname="cpms.webasto.test.WebSocketTestBeta"/>
  <testcase name="chargePointConnect9" time="76.331" classname="cpms.webasto.test.WebSocketTestBeta"/>
  <testcase name="chargePointConnect1" time="76.454" classname="cpms.webasto.test.WebSocketTestBeta"/>
  <testcase name="chargePointConnect7" time="75.497" classname="cpms.webasto.test.WebSocketTestBeta"/>
</testsuite> <!-- cpms.webasto.test.WebSocketTestBeta -->
