<?xml version="1.0" encoding="UTF-8"?>
<!-- Generated by org.testng.reporters.JUnitReportReporter -->
<testsuite hostname="DESKTOP-HDPEOVG" name="cpms.webasto.test.BulkImportTest" tests="1" failures="0" timestamp="22 Oct 2020 05:02:58 GMT" time="54.553" errors="0">
  <testcase name="addOCPPTag" time="54.553" classname="cpms.webasto.test.BulkImportTest"/>
</testsuite> <!-- cpms.webasto.test.BulkImportTest -->
