<?xml version="1.0" encoding="UTF-8"?>
<!-- Generated by org.testng.reporters.JUnitReportReporter -->
<testsuite hostname="DESKTOP-HDPEOVG" name="cpms.webasto.test.GetDiagnosticsPageTest" tests="1" failures="0" timestamp="23 Oct 2020 09:05:11 GMT" time="22.929" errors="0">
  <testcase name="getDianostics" time="22.929" classname="cpms.webasto.test.GetDiagnosticsPageTest"/>
</testsuite> <!-- cpms.webasto.test.GetDiagnosticsPageTest -->
