<?xml version="1.0" encoding="UTF-8"?>
<!-- Generated by org.testng.reporters.JUnitReportReporter -->
<testsuite skipped="0" hostname="DESKTOP-HDPEOVG" name="cpms.websocket.test.DiagnosticsTest" tests="1" failures="0" timestamp="2020-10-27T18:01:44 IST" time="12.631" errors="0">
  <testcase name="performDiagnostics" time="12.631" classname="cpms.websocket.test.DiagnosticsTest"/>
  <system-out/>
</testsuite> <!-- cpms.websocket.test.DiagnosticsTest -->
