<?xml version="1.0" encoding="UTF-8"?>
<!-- Generated by org.testng.reporters.JUnitReportReporter -->
<testsuite skipped="0" hostname="DESKTOP-HDPEOVG" name="cpms.webasto.test.GetDiagnosticsPageTest" tests="1" failures="0" timestamp="2020-10-27T18:01:44 IST" time="25.310" errors="0">
  <testcase name="getDianostics" time="25.310" classname="cpms.webasto.test.GetDiagnosticsPageTest"/>
  <system-out/>
</testsuite> <!-- cpms.webasto.test.GetDiagnosticsPageTest -->
