<?xml version="1.0" encoding="UTF-8"?>
<!-- Generated by org.testng.reporters.JUnitReportReporter -->
<testsuite skipped="0" hostname="DESKTOP-HDPEOVG" name="com.evProService.base.TestBaseAppium" tests="1" failures="0" timestamp="2020-10-29T15:40:41 IST" time="29.463" errors="0">
  <testcase name="initialization" time="29.463" classname="com.evProService.base.TestBaseAppium"/>
  <system-out/>
</testsuite> <!-- com.evProService.base.TestBaseAppium -->
