<?xml version="1.0" encoding="UTF-8"?>
<!-- Generated by org.testng.reporters.JUnitReportReporter -->
<testsuite skipped="1" hostname="DESKTOP-HDPEOVG" name="com.evProService.test.AddYourOwnChargerScreenTest" tests="2" failures="0" timestamp="2020-11-25T19:23:32 IST" time="62.454" errors="0">
  <testcase name="addNoOwnCharger" time="62.454" classname="com.evProService.test.AddYourOwnChargerScreenTest"/>
  <system-out/>
  <testcase name="addOwnCharger" classname="com.evProService.test.AddYourOwnChargerScreenTest">
    <skipped/>
  </testcase> <!-- addOwnCharger -->
  <system-out/>
</testsuite> <!-- com.evProService.test.AddYourOwnChargerScreenTest -->
