<?xml version="1.0" encoding="UTF-8"?>
<!-- Generated by org.testng.reporters.JUnitReportReporter -->
<testsuite skipped="2" hostname="DESKTOP-HDPEOVG" name="com.evProService.test.SignInScreenTest" tests="3" failures="0" timestamp="2020-12-01T18:40:47 IST" time="67.548" errors="0">
  <testcase name="signInAddOwnCharger" time="67.548" classname="com.evProService.test.SignInScreenTest"/>
  <system-out/>
  <testcase name="signInNoAddOwnCharger" classname="com.evProService.test.SignInScreenTest">
    <skipped/>
  </testcase> <!-- signInNoAddOwnCharger -->
  <system-out/>
  <testcase name="signIn" classname="com.evProService.test.SignInScreenTest">
    <skipped/>
  </testcase> <!-- signIn -->
  <system-out/>
</testsuite> <!-- com.evProService.test.SignInScreenTest -->
