<?xml version="1.0" encoding="UTF-8"?>
<!-- Generated by org.testng.reporters.JUnitReportReporter -->
<testsuite skipped="0" hostname="DESKTOP-HDPEOVG" name="com.evProService.test.ChangePasswordScreenTest" tests="1" failures="0" timestamp="2020-12-02T18:40:06 IST" time="65.743" errors="0">
  <testcase name="changePassword" time="65.743" classname="com.evProService.test.ChangePasswordScreenTest"/>
  <system-out/>
</testsuite> <!-- com.evProService.test.ChangePasswordScreenTest -->
