<?xml version="1.0" encoding="UTF-8"?>
<!-- Generated by org.testng.reporters.JUnitReportReporter -->
<testsuite skipped="2" hostname="DESKTOP-HDPEOVG" name="com.evProService.test.SignInScreenTestSample" tests="3" failures="0" timestamp="2020-12-01T13:34:33 IST" time="49.357" errors="0">
  <testcase name="signInWithAddOwnCharger" time="49.357" classname="com.evProService.test.SignInScreenTestSample"/>
  <system-out/>
  <testcase name="signInWithNoAddOwnCharger" classname="com.evProService.test.SignInScreenTestSample">
    <skipped/>
  </testcase> <!-- signInWithNoAddOwnCharger -->
  <system-out/>
  <testcase name="signIn" classname="com.evProService.test.SignInScreenTestSample">
    <skipped/>
  </testcase> <!-- signIn -->
  <system-out/>
</testsuite> <!-- com.evProService.test.SignInScreenTestSample -->
