<?xml version="1.0" encoding="UTF-8"?>
<!-- Generated by org.testng.reporters.JUnitReportReporter -->
<testsuite skipped="0" hostname="DESKTOP-HDPEOVG" name="com.evProService.test.LogOutTest" tests="1" failures="0" timestamp="2020-12-02T17:22:47 IST" time="39.292" errors="0">
  <testcase name="logOut" time="39.292" classname="com.evProService.test.LogOutTest"/>
  <system-out/>
</testsuite> <!-- com.evProService.test.LogOutTest -->
