<?xml version="1.0" encoding="UTF-8"?>
<!-- Generated by org.testng.reporters.JUnitReportReporter -->
<testsuite skipped="0" hostname="DESKTOP-HDPEOVG" name="com.evProService.test.SignUpScreenTest" tests="1" failures="0" timestamp="2020-12-01T18:38:38 IST" time="44.885" errors="0">
  <testcase name="signUp" time="44.885" classname="com.evProService.test.SignUpScreenTest"/>
  <system-out/>
</testsuite> <!-- com.evProService.test.SignUpScreenTest -->
