<?xml version="1.0" encoding="UTF-8"?>
<!-- Generated by org.testng.reporters.JUnitReportReporter -->
<testsuite skipped="0" hostname="DESKTOP-HDPEOVG" name="com.evProService.base.TestBase" tests="1" failures="0" timestamp="2020-10-29T15:12:23 IST" time="28.423" errors="0">
  <testcase name="initialization" time="28.423" classname="com.evProService.base.TestBase"/>
  <system-out/>
</testsuite> <!-- com.evProService.base.TestBase -->
